Running tests ...
[1A[KRunning 36 tests in 1 runtime ...
[1A[K[1m[32m36 tests, 111 assertions, 1 runtime ... OK[0m
--------------------|-----------|-----------|-----------|-----------|
File                |   % Stmts |% Branches |   % Funcs |   % Lines |
--------------------|-----------|-----------|-----------|-----------|
   lib/             |       100 |       100 |       100 |       100 |
      breaker.js    |       100 |       100 |       100 |       100 |
      cli.js        |       100 |       100 |       100 |       100 |
   lib/formatters/  |       100 |       100 |       100 |       100 |
      ansible.js    |       100 |       100 |       100 |       100 |
      clusterssh.js |       100 |       100 |       100 |       100 |
      sshconfig.js  |       100 |       100 |       100 |       100 |
--------------------|-----------|-----------|-----------|-----------|
All files           |       100 |       100 |       100 |       100 |
--------------------|-----------|-----------|-----------|-----------|


=============================== Coverage summary ===============================
Statements   : 100% ( 130/130 )
Branches     : 100% ( 44/44 )
Functions    : 100% ( 38/38 )
Lines        : 100% ( 130/130 )
================================================================================
